var jsonData = {
	serverSeconds : 1419297707,
	last_time : 1419297608,
	path : [{title : "财经", id : "43", cType : "col"}],
	count : 5439,
    offset_page : 0,
    offset_num : 0,
	list : [		{channel : {title : "港股",id : "",cType : "col",url : "http://finance.sina.com.cn/stock/hkstock/"},title : "美股4连升 料带动港股上望50天线",url : "http://finance.sina.com.cn/stock/hkstock/marketalerts/20141223/092021142389.shtml",type : '1',pic : '',time : 1419297608},
		{channel : {title : "国内财经",id : "",cType : "col",url : "http://finance.sina.com.cn/china/"},title : "不动产登记出台为房产新政铺路",url : "http://finance.sina.com.cn/china/20141223/091821142303.shtml",type : '1',pic : '',time : 1419297525},
		{channel : {title : "国内财经",id : "",cType : "col",url : "http://finance.sina.com.cn/china/"},title : "个税改革方案已定 将适时引入家庭支出申报",url : "http://finance.sina.com.cn/china/20141223/091321142255.shtml",type : '1',pic : '',time : 1419297223},
		{channel : {title : "港股",id : "",cType : "col",url : "http://finance.sina.com.cn/stock/hkstock/"},title : "华电国际停牌 涉发行A股",url : "http://finance.sina.com.cn/stock/hkstock/marketalerts/20141223/091021142247.shtml",type : '1',pic : '',time : 1419297021},
		{channel : {title : "国内财经",id : "",cType : "col",url : "http://finance.sina.com.cn/china/"},title : "国内外房地产投资者们离开中国转向日本",url : "http://finance.sina.com.cn/china/20141223/090321142193.shtml",type : '1',pic : '',time : 1419296635},
		{channel : {title : "港股",id : "",cType : "col",url : "http://finance.sina.com.cn/stock/hkstock/"},title : "交银国际：集装箱航运业维持同步评级",url : "http://finance.sina.com.cn/stock/hkstock/marketalerts/20141223/085921142120.shtml",type : '1',pic : '',time : 1419296351},
		{channel : {title : "国内财经",id : "",cType : "col",url : "http://finance.sina.com.cn/china/"},title : "2015年哪些行业预期薪酬平均增幅最大(表)",url : "http://finance.sina.com.cn/china/20141223/085521142108.shtml",type : '1',pic : '',time : 1419296135},
		{channel : {title : "美股",id : "",cType : "col",url : "http://finance.sina.com.cn/stock/usstock/"},title : "尼加拉瓜大运河开工 中国拥100年运营权",url : "http://finance.sina.com.cn/world/20141223/085421142095.shtml",type : '1',pic : '',time : 1419296056},
		{channel : {title : "港股",id : "",cType : "col",url : "http://finance.sina.com.cn/stock/hkstock/"},title : "国都香港国际：预期港股年底前有望挑战百天线",url : "http://finance.sina.com.cn/stock/hkstock/marketalerts/20141223/085221142089.shtml",type : '1',pic : '',time : 1419295952},
		{channel : {title : "美股",id : "",cType : "col",url : "http://finance.sina.com.cn/stock/usstock/"},title : "FT：无需过分担忧中国互联网信贷",url : "http://finance.sina.com.cn/stock/usstock/c/20141223/085221142088.shtml",type : '1',pic : '',time : 1419295935},
		{channel : {title : "生活",id : "",cType : "col",url : "http://finance.sina.com.cn/consume/"},title : "消费者天猫抢购低价衣服卖家拒发货",url : "http://finance.sina.com.cn/consume/puguangtai/20141223/084821142056.shtml",type : '1',pic : '',time : 1419295739},
		{channel : {title : "港股",id : "",cType : "col",url : "http://finance.sina.com.cn/stock/hkstock/"},title : "开市焦点：港股续追落后 万达首挂瞩目",url : "http://finance.sina.com.cn/stock/hkstock/marketalerts/20141223/083921142030.shtml",type : '1',pic : '',time : 1419295175},
		{channel : {title : "港股",id : "",cType : "col",url : "http://finance.sina.com.cn/stock/hkstock/"},title : "贵人资本：港股动力受阻趋谨慎 关注铁路股表现",url : "http://finance.sina.com.cn/stock/hkstock/marketalerts/20141223/083721142011.shtml",type : '1',pic : '',time : 1419295075},
		{channel : {title : "美股",id : "",cType : "col",url : "http://finance.sina.com.cn/stock/usstock/"},title : "中信证券市值终将超越高盛",url : "http://finance.sina.com.cn/world/20141223/082921141974.shtml",type : '1',pic : '',time : 1419294570},
		{channel : {title : "国内财经",id : "",cType : "col",url : "http://finance.sina.com.cn/china/"},title : "教授：不动产登记实施前部分人将大批抛售房产",url : "http://finance.sina.com.cn/china/20141223/082521141954.shtml",type : '1',pic : '',time : 1419294354},
		{channel : {title : "生活",id : "",cType : "col",url : "http://finance.sina.com.cn/consume/"},title : "海昌等6品牌日抛隐形眼镜测评:透氧量均虚标",url : "http://finance.sina.com.cn/consume/puguangtai/20141223/082421141952.shtml",type : '1',pic : '',time : 1419294294},
		{channel : {title : "美股",id : "",cType : "col",url : "http://finance.sina.com.cn/stock/usstock/"},title : "北海石油业接近“崩溃”",url : "http://finance.sina.com.cn/stock/usstock/c/20141223/082421141945.shtml",type : '1',pic : '',time : 1419294265},
		{channel : {title : "美股",id : "",cType : "col",url : "http://finance.sina.com.cn/stock/usstock/"},title : "油价暴跌为全球经济“注入兴奋剂”",url : "http://finance.sina.com.cn/stock/usstock/c/20141223/082221141943.shtml",type : '1',pic : '',time : 1419294177},
		{channel : {title : "美股",id : "",cType : "col",url : "http://finance.sina.com.cn/stock/usstock/"},title : "俄媒：俄中正磋商粮食供应问题",url : "http://finance.sina.com.cn/world/20141223/082021141911.shtml",type : '1',pic : '',time : 1419294051},
		{channel : {title : "生活",id : "",cType : "col",url : "http://finance.sina.com.cn/consume/"},title : "海昌菲士康隐形眼镜透氧性能不佳 易致眼角膜水肿",url : "http://finance.sina.com.cn/consume/puguangtai/20141223/082021141906.shtml",type : '1',pic : '',time : 1419294044},
		{channel : {title : "生活",id : "",cType : "col",url : "http://finance.sina.com.cn/consume/"},title : "消费者天猫购手机付定金后遇降价 律师称涉欺诈",url : "http://finance.sina.com.cn/consume/puguangtai/20141223/082021141893.shtml",type : '1',pic : '',time : 1419294029},
		{channel : {title : "美股",id : "",cType : "col",url : "http://finance.sina.com.cn/stock/usstock/"},title : "OPEC领导人：油价跌至20美元也不减产",url : "http://finance.sina.com.cn/stock/usstock/c/20141223/081921141823.shtml",type : '1',pic : '',time : 1419293972},
		{channel : {title : "港股",id : "",cType : "col",url : "http://finance.sina.com.cn/stock/hkstock/"},title : "中国银盛：预料指数维持反复上升局面",url : "http://finance.sina.com.cn/stock/hkstock/marketalerts/20141223/081721141808.shtml",type : '1',pic : '',time : 1419293878},
		{channel : {title : "港股",id : "",cType : "col",url : "http://finance.sina.com.cn/stock/hkstock/"},title : "窝轮视点：南中再创历史新高 看好可留意其认购证",url : "http://finance.sina.com.cn/stock/hkstock/marketalerts/20141223/081521141803.shtml",type : '1',pic : '',time : 1419293744},
		{channel : {title : "生活",id : "",cType : "col",url : "http://finance.sina.com.cn/consume/"},title : "红米新手机两退货两返修仍花屏 客服拒绝退货",url : "http://finance.sina.com.cn/consume/puguangtai/20141223/080921141761.shtml",type : '1',pic : '',time : 1419293371},
		{channel : {title : "美股",id : "",cType : "col",url : "http://finance.sina.com.cn/stock/usstock/"},title : "委内瑞拉石油危机：中美合作新机遇",url : "http://finance.sina.com.cn/stock/usstock/c/20141223/080421141737.shtml",type : '1',pic : '',time : 1419293087},
		{channel : {title : "国内财经",id : "",cType : "col",url : "http://finance.sina.com.cn/china/"},title : "北京投资近800亿建新机场 2019年可建成使用",url : "http://finance.sina.com.cn/china/20141223/080221141717.shtml",type : '1',pic : '',time : 1419292960},
		{channel : {title : "国内财经",id : "",cType : "col",url : "http://finance.sina.com.cn/china/"},title : "不动产登记与百姓何关：不会被强制登记",url : "http://finance.sina.com.cn/china/20141223/075621141640.shtml",type : '1',pic : '',time : 1419292597},
		{channel : {title : "美股",id : "",cType : "col",url : "http://finance.sina.com.cn/stock/usstock/"},title : "日媒：中国借丰厚资金提高在东南亚的存在感",url : "http://finance.sina.com.cn/stock/usstock/c/20141223/075621141636.shtml",type : '1',pic : '',time : 1419292563},
		{channel : {title : "国内财经",id : "",cType : "col",url : "http://finance.sina.com.cn/china/"},title : "民间非法集资乱象：高额回报诱惑 损失惨重难追回",url : "http://finance.sina.com.cn/china/20141223/075421141635.shtml",type : '1',pic : '',time : 1419292468},
		{channel : {title : "证券",id : "",cType : "col",url : "http://finance.sina.com.cn/stock/"},title : "首批18只股票卷入调查全线跌停 斩断操纵黑手",url : "http://finance.sina.com.cn/stock/s/20141223/075121141623.shtml",type : '1',pic : '',time : 1419292302},
		{channel : {title : "证券",id : "",cType : "col",url : "http://finance.sina.com.cn/stock/"},title : "令案阴影下 乐视网将何去何从",url : "http://finance.sina.com.cn/stock/s/20141223/074721141573.shtml",type : '1',pic : '',time : 1419292054},
		{channel : {title : "证券",id : "",cType : "col",url : "http://finance.sina.com.cn/stock/"},title : "金地股权争夺升级:安邦四度举牌挑战生命人寿",url : "http://finance.sina.com.cn/stock/s/20141223/074121141535.shtml",type : '1',pic : '',time : 1419291690},
		{channel : {title : "生活",id : "",cType : "col",url : "http://finance.sina.com.cn/consume/"},title : "长安铃木自动挡车熄火问题频发 回应称仅是个案",url : "http://finance.sina.com.cn/consume/puguangtai/20141223/073921141522.shtml",type : '1',pic : '',time : 1419291580},
		{channel : {title : "美股",id : "",cType : "col",url : "http://finance.sina.com.cn/stock/usstock/"},title : "日媒：亚投行让日美乱了阵脚",url : "http://finance.sina.com.cn/stock/usstock/c/20141223/073921141518.shtml",type : '1',pic : '',time : 1419291565},
		{channel : {title : "美股",id : "",cType : "col",url : "http://finance.sina.com.cn/stock/usstock/"},title : "韩国将对进口大米征513%关税 着手与中方协商",url : "http://finance.sina.com.cn/world/yzjj/20141223/073221141484.shtml",type : '1',pic : '',time : 1419291148},
		{channel : {title : "生活",id : "",cType : "col",url : "http://finance.sina.com.cn/consume/"},title : "全国百城速腾车主陆续维权:坚决不接受召回方案",url : "http://finance.sina.com.cn/consume/puguangtai/20141223/073221141468.shtml",type : '1',pic : '',time : 1419291140},
		{channel : {title : "期货",id : "",cType : "col",url : "http://finance.sina.com.cn/futuremarket/"},title : "油价跌能源业并购潮起 对冲基金进场抄底",url : "http://finance.sina.com.cn/money/future/fmnews/20141223/073221141467.shtml",type : '1',pic : '',time : 1419291125},
		{channel : {title : "基金",id : "",cType : "col",url : "http://finance.sina.com.cn/fund/"},title : "2014年12月23日交易提示",url : "http://finance.sina.com.cn/money/fund/20141223/072821141460.shtml",type : '1',pic : '',time : 1419290935},
		{channel : {title : "期货",id : "",cType : "col",url : "http://finance.sina.com.cn/futuremarket/"},title : "因沙特重申不减产 WTI油价跌3%",url : "http://finance.sina.com.cn/money/future/fmnews/20141223/072421141436.shtml",type : '1',pic : '',time : 1419290648},
		{channel : {title : "期货",id : "",cType : "col",url : "http://finance.sina.com.cn/futuremarket/"},title : "沙特石油部长再放狠话 油价跌到20美元也不减产",url : "http://finance.sina.com.cn/money/future/fmnews/20141223/072121141431.shtml",type : '1',pic : '',time : 1419290514},
		{channel : {title : "证券",id : "",cType : "col",url : "http://finance.sina.com.cn/stock/"},title : "汇金立方潜伏7上市公司 令完成至今担任董事长",url : "http://finance.sina.com.cn/stock/s/20141223/071721141402.shtml",type : '1',pic : '',time : 1419290259},
		{channel : {title : "国内财经",id : "",cType : "col",url : "http://finance.sina.com.cn/china/"},title : "业内:不动产登记为房地产税奠定基础 打击空置房",url : "http://finance.sina.com.cn/china/20141223/071521141425.shtml",type : '1',pic : '',time : 1419290100},
		{channel : {title : "证券",id : "",cType : "col",url : "http://finance.sina.com.cn/stock/"},title : "方大特钢二股东出货4000万股 逢高套现2.2亿",url : "http://finance.sina.com.cn/stock/s/20141223/071421141388.shtml",type : '1',pic : '',time : 1419290041},
		{channel : {title : "证券",id : "",cType : "col",url : "http://finance.sina.com.cn/stock/"},title : "18只涉嫌操纵个股大跌 公司声称“无关”",url : "http://finance.sina.com.cn/stock/s/20141223/071021141361.shtml",type : '1',pic : '',time : 1419289848},
		{channel : {title : "证券",id : "",cType : "col",url : "http://finance.sina.com.cn/stock/"},title : "12月23日四大证券报头版头条内容精华摘要",url : "http://finance.sina.com.cn/stock/y/20141223/070521141341.shtml",type : '1',pic : '',time : 1419289554},
		{channel : {title : "美股",id : "",cType : "col",url : "http://finance.sina.com.cn/stock/usstock/"},title : "迅雷上市四月股价腰斩 新浪理财师早已预警",url : "http://finance.sina.com.cn/stock/usstock/newstock/20141223/065721141291.shtml",type : '1',pic : '',time : 1419289077},
		{channel : {title : "证券",id : "",cType : "col",url : "http://finance.sina.com.cn/stock/"},title : "股海导航 12月23日沪深股市公告提示",url : "http://finance.sina.com.cn/stock/s/20141223/065321141271.shtml",type : '1',pic : '',time : 1419288812},
		{channel : {title : "美股",id : "",cType : "col",url : "http://finance.sina.com.cn/stock/usstock/"},title : "隔夜国际市场要闻必读(12月23日)",url : "http://finance.sina.com.cn/world/20141223/063321141201.shtml",type : '1',pic : '',time : 1419287620},
		{channel : {title : "证券",id : "",cType : "col",url : "http://finance.sina.com.cn/stock/"},title : "北大系市值一天损失46亿 B股全线下跌",url : "http://finance.sina.com.cn/stock/s/20141223/061921140905.shtml",type : '1',pic : '',time : 1419286754},
		{channel : {title : "美股",id : "",cType : "col",url : "http://finance.sina.com.cn/stock/usstock/"},title : "麦道夫资产托管人拟向投资者归还3.22亿美元",url : "http://finance.sina.com.cn/world/20141223/061521140661.shtml",type : '1',pic : '',time : 1419286517},
		{channel : {title : "期货",id : "",cType : "col",url : "http://finance.sina.com.cn/futuremarket/"},title : "原油反弹昙花一现 商品低谷未到",url : "http://finance.sina.com.cn/money/future/fmnews/20141223/055921140276.shtml",type : '1',pic : '',time : 1419285567},
		{channel : {title : "期货",id : "",cType : "col",url : "http://finance.sina.com.cn/futuremarket/"},title : "玉米淀粉的消费情况介绍",url : "http://finance.sina.com.cn/money/future/fmnews/20141223/055921140266.shtml",type : '1',pic : '',time : 1419285566},
		{channel : {title : "期货",id : "",cType : "col",url : "http://finance.sina.com.cn/futuremarket/"},title : "上期所26日新增四个品种连续交易",url : "http://finance.sina.com.cn/money/future/fmnews/20141223/055921140262.shtml",type : '1',pic : '',time : 1419285566},
		{channel : {title : "期货",id : "",cType : "col",url : "http://finance.sina.com.cn/futuremarket/"},title : "胶合板触底反弹 未来涨势难续",url : "http://finance.sina.com.cn/money/future/fmnews/20141223/055921140261.shtml",type : '1',pic : '',time : 1419285566},
		{channel : {title : "证券",id : "",cType : "col",url : "http://finance.sina.com.cn/stock/"},title : "仰帆控股大股东再度增持 防中天系抢壳",url : "http://finance.sina.com.cn/stock/s/20141223/055921140232.shtml",type : '1',pic : '',time : 1419285565},
		{channel : {title : "证券",id : "",cType : "col",url : "http://finance.sina.com.cn/stock/"},title : "泰和新材独家提供中国维和部队作战服装",url : "http://finance.sina.com.cn/stock/s/20141223/055921140230.shtml",type : '1',pic : '',time : 1419285565},
		{channel : {title : "证券",id : "",cType : "col",url : "http://finance.sina.com.cn/stock/"},title : "乐视网管理层拟未来6个月内增持不超51万股",url : "http://finance.sina.com.cn/stock/s/20141223/055921140226.shtml",type : '1',pic : '',time : 1419285565},
		{channel : {title : "证券",id : "",cType : "col",url : "http://finance.sina.com.cn/stock/"},title : "天瑞集团5天耗资4.3亿两次举牌同力水泥",url : "http://finance.sina.com.cn/stock/s/20141223/055921140222.shtml",type : '1',pic : '',time : 1419285565},
		{channel : {title : "基金",id : "",cType : "col",url : "http://finance.sina.com.cn/fund/"},title : "12月前三周ETF狂吸金300亿 RQFII-ETF失血",url : "http://finance.sina.com.cn/money/fund/20141223/055921140220.shtml",type : '1',pic : '',time : 1419285564}]
};