++++++++++++
董事名單與其角色和職能
++++++++++++
澄清公告
++++++++++++
委任獨立非執行董事
++++++++++++
...更多]<a
++++++++++++
class="news"
++++++++++++
href="/listedco/listconews/sehk///LTN_C.pdf"
++++++++++++
董事名單與其角色和職能
++++++++++++
關於收購中聯重機股份有限公司相關股份的進展公告
++++++++++++
關於余靜波副行長任職的公告
++++++++++++
關於執行董事、副行長辭任的公告
++++++++++++
翌日披露報表
++++++++++++
委任獨立財務顧問
++++++++++++
二O一四年十二月份銷售及近期新增項目情況簡報
++++++++++++
公告
++++++++++++
-
++++++++++++
關於A股可轉換公司債券（附次級條款）轉股結果暨股份變動
++++++++++++
內幕信息
++++++++++++
海外監管公告
++++++++++++
Beijing
++++++++++++
Club裝修及暫時關閉
++++++++++++
海外監管公告
++++++++++++
於二零一五年一月五日舉行之
++++++++++++
建議選舉董事
++++++++++++
自願性公告有關本集團與非重大附屬公司的人士之交易
++++++++++++
海外監管公告
++++++++++++
盈利預警
++++++++++++
翌日披露報表
++++++++++++
海外監管公告
++++++++++++
海外監管公告
++++++++++++
有關管理服務協議之補充協議
++++++++++++
A股可轉債轉股結果暨股份變動公告
++++++++++++
翌日披露報表
++++++++++++
-
++++++++++++
股份購回
++++++++++++
修訂股份獎勵計劃
++++++++++++
澄清公佈
++++++++++++
翌日披露報表
++++++++++++
海外監管公告內幕消息
++++++++++++
海外監管公告-中國銀行股份有限公司可轉債轉股結果暨股份變動公告
++++++++++++
自願公告
++++++++++++
-
++++++++++++
終止顧問服務協議及擔保
++++++++++++
公告
++++++++++++
翌日披露報表
++++++++++++
盈利警告
++++++++++++
自願性公告
++++++++++++
根據《收購守則》規則作出的交易披露
++++++++++++
公告
++++++++++++
-
++++++++++++
二零一四年十二月之未經審核營業額
++++++++++++
海外監管公告
++++++++++++
根據《收購守則》規則作出的交易披露
++++++++++++
翌日披露報表
++++++++++++
根據《收購守則》規則作出的交易披露
++++++++++++
董事會會議通知
++++++++++++
就二零一五年至二零一六年重續持續關連交易
++++++++++++
根據《收購守則》規則作出的交易披露
++++++++++++
公告-內幕消息
++++++++++++
海外監管公告
++++++++++++
根據《收購守則》規則作出的交易披露
++++++++++++
截至二零一五年六月三十日止年度之中期股息及暫停辦理股份過戶登記手續
++++++++++++
致非登記持有人之通知信函及申請表格
++++++++++++
致股東之通知信函及變更申請表格
++++++++++++
董事名單與其角色和職能
++++++++++++
根據《收購守則》規則作出的交易披露
++++++++++++
海外監管公告
++++++++++++
根據《收購守則》規則作出的交易披露
++++++++++++
主要交易
++++++++++++
華夏人壽保險股份有限公司之投資及視作出售本集團於廣州奧譽約.%股權
++++++++++++
海外監管公告
++++++++++++
台灣存託憑證流通及兌回情形月報表
++++++++++++
根據《收購守則》規則作出的交易披露
++++++++++++
廈門港務發展股份有限公司
++++++++++++
可能出售中國星集團有限公司股份之每月進展
++++++++++++
自願公告
++++++++++++
-
++++++++++++
公告
++++++++++++
-
++++++++++++
選舉董事長、監事會主席及董事會專門委員會成員變更
++++++++++++
正面盈利預告
++++++++++++
主要交易的狀況更新
++++++++++++
有關建議認購事項之補充意向書
++++++++++++
截至年月日止十二個月未經審核營運數據
++++++++++++
海外監管公告
++++++++++++
本公司持有之投資最新情況
++++++++++++
DOC
++++++++++++
海外監管公告
++++++++++++
董事會會議通告
++++++++++++
盈利警告
++++++++++++
持續關連交易
++++++++++++
-
++++++++++++
續訂租賃協議
++++++++++++
海外監管公告
++++++++++++
變更公司名稱及股份簡稱及修訂公司細則
++++++++++++
翌日披露報表
++++++++++++
內幕消息
++++++++++++
-
++++++++++++
主要股東出售股份之最新資料
++++++++++++
內幕消息公告
++++++++++++
-
++++++++++++
框架協議及恢復買賣
++++++++++++
有關不續簽來氟米特片的現有經銷協議和簽訂新經銷協議的公告
++++++++++++
關連交易
++++++++++++
-
++++++++++++
出售SMART
++++++++++++
ALLY
++++++++++++
HOLDINGS
++++++++++++
LIMITED及持續關連交易
++++++++++++
-
++++++++++++
重新釐定宇軒租賃協議的年度上限
++++++++++++
董事名單與其角色和職能
++++++++++++
公司董事會之審核委員會的職權範圍
++++++++++++
公司董事會之提名委員會的職權範圍
++++++++++++
公司董事會之薪酬委員會的職權範圍
++++++++++++
華章科技控股有限公司經修訂及重列組織章程大綱及細則
++++++++++++
二零一五年一月五日舉行的股東特別大會
++++++++++++
海外監管公告
++++++++++++
盈利警告
++++++++++++
截至二零一四年十二月三十一日止年度
++++++++++++
短暫停牌
++++++++++++
聯合公佈
++++++++++++
-
++++++++++++
短暫停牌
++++++++++++
聯合公佈
++++++++++++
-
++++++++++++
短暫停牌
++++++++++++
短暫停牌公告
++++++++++++
短暫停牌
++++++++++++
短暫停牌
++++++++++++
交易所通告
++++++++++++
-
++++++++++++
短暫停牌
++++++++++++
交易所通告
++++++++++++
-
++++++++++++
短暫停牌
++++++++++++
交易所通告
++++++++++++
-
++++++++++++
短暫停牌
++++++++++++
交易所通告
++++++++++++
-
++++++++++++
短暫停牌
++++++++++++
交易所通告
++++++++++++
-
++++++++++++
短暫停牌
++++++++++++
交易所通告
++++++++++++
-
++++++++++++
短暫停牌
++++++++++++
交易所通告
++++++++++++
-
++++++++++++
復牌
++++++++++++
內幕消息公告
++++++++++++
截至二零一四年十二月三十一日止三個月期間
++++++++++++
建議發行以美元計值的優先票據
++++++++++++
有關潛在收購事項之
++++++++++++
新業務更新
++++++++++++
翌日披露報表
++++++++++++
有關出售開封一幅土地的主要交易
++++++++++++
根據一般授權認購新股份
++++++++++++
翌日披露報表
++++++++++++
授出購股權
++++++++++++
內資股股東完成轉讓內資股
++++++++++++
董事名單與其角色和職能
++++++++++++
...更多]<a
++++++++++++
class="news"
++++++++++++
href="/listedco/listconews/sehk///LTN_C.pdf"
++++++++++++
調任董事
++++++++++++
發行債券
++++++++++++
於永暉買賣協議的十二月最後完成日期之前達成若干條件
++++++++++++
收到新配售代理有關認購新配售股份之承諾通知
++++++++++++
翌日披露報表
++++++++++++
翌日披露報表
++++++++++++
按於記錄日期每持有一股經調整股份
++++++++++++
持續關連交易
++++++++++++
上市聯營公司
++++++++++++
-
++++++++++++
新濠博亞娛樂有限公司
++++++++++++
-
++++++++++++
擬自願撤銷於香港聯合交易所有限公司主板的上市地位之公告
++++++++++++
延長有關透過結構性合約收購安凱天津之截止日期
++++++++++++
關於向有權獲發季度現金股息的預託證券持有人
++++++++++++
授出購股權
++++++++++++
董事名單及其角色與職能
++++++++++++
董事變更
++++++++++++
翌日披露報表
++++++++++++
擬自願撤銷於香港聯合交易所有限公司主板的上市地位及建議修訂組織章程文件及股份獎勵計劃
++++++++++++
暫停辦理股份過戶登記手續及調遷股份之截止日期通告
++++++++++++
根據《收購守則》規則作出的交易披露
++++++++++++
自願公告
++++++++++++
根據《收購守則》規則作出的交易披露
++++++++++++
根據《收購守則》規則作出的交易披露
++++++++++++
涉及向實體提供財務資助之須予披露交易及向實體提供貸款
++++++++++++
根據《收購守則》規則作出的交易披露
++++++++++++
建議派付末期股息
++++++++++++
根據《收購守則》規則作出的交易披露
++++++++++++
根據《收購守則》規則作出的交易披露
++++++++++++
根據《收購守則》規則作出的交易披露
++++++++++++
根據《收購守則》規則作出的交易披露
++++++++++++
補充公告
++++++++++++
根據《收購守則》規則作出的交易披露
++++++++++++
根據《收購守則》規則作出的交易披露
++++++++++++
根據《收購守則》規則作出的交易披露
++++++++++++
根據《收購守則》規則作出的交易披露
++++++++++++
更改香港股份過戶登記分處及過戶辦事處
++++++++++++
根據《收購守則》規則作出的交易披露
++++++++++++
根據《收購守則》規則作出的交易披露
++++++++++++
授出購股權
++++++++++++
公佈
++++++++++++
-
++++++++++++
股權架構變動
++++++++++++
翌日披露報表
++++++++++++
停牌更新資料
++++++++++++
發行人剛在本網站英文版面發布一項公告，相應中文版本或會／或不會在本版面發布。
++++++++++++
HTM
++++++++++++
董事名單與其角色和職能
++++++++++++
公司秘書及授權代表之變更
++++++++++++
澄清公告
++++++++++++
行政總裁變更
++++++++++++
發行人剛在本網站英文版面發布一項公告，相應中文版本或會／或不會在本版面發布。
++++++++++++
HTM
++++++++++++
翌日披露報表
++++++++++++
-
++++++++++++
股份購回
++++++++++++
翌日披露報表股份發行人
++++++++++++
─
++++++++++++
已發行股本變動及/或股份購回
++++++++++++
已發行股本變動
++++++++++++
翌日披露報表
++++++++++++
須予披露交易
++++++++++++
-
++++++++++++
提供財務資助
++++++++++++
董事名單及其角色和職能
++++++++++++
有關建議收購華潤股份有限公司及華潤（集團）有限公司之若干物業權益而涉及發行新股份之須予披露及關連交易及華潤（集團）有限公司全資附屬公司華潤集團（置地）有限公司提出之回補發售及暫停辦理股份登記手續及建議增加法定股本及股東特別大會通告
++++++++++++
自願性公布–證券投資之已變現虧損
++++++++++++
翌日披露報表
++++++++++++
委任非執行董事
++++++++++++
董事名單與其角色和職能
++++++++++++
股東特別大會通告
++++++++++++
海外監管公告
++++++++++++
代表委任表格
++++++++++++
董事名單及其角色與職能
++++++++++++
海外監管公告
++++++++++++
海外監管公告
++++++++++++
海外監管公告
++++++++++++
海外監管公告
++++++++++++
海外監管公告
++++++++++++
翌日披露報表
++++++++++++
海外監管公告
++++++++++++
董事名單與其角色和職能
++++++++++++
海外監管公告
++++++++++++
公司秘書
++++++++++++
更改每手買賣單位
++++++++++++
獨立非執行董事
++++++++++++
於二零一五年一月二日舉行之股東週年大會續會及股東特別大會之投票結果及更改公司名稱
++++++++++++
自願公佈
++++++++++++
-
++++++++++++
認購公司債券
++++++++++++
更改所得款項用途
++++++++++++
自願公告–採納年股份獎勵計劃
++++++++++++
翌日披露報表
++++++++++++
翌日披露報表股份發行人
++++++++++++
─
++++++++++++
已發行股本變動及/或股份購回
++++++++++++
董事名單與其角色和職能
++++++++++++
翌日披露報表
++++++++++++
董事局成員與其角色和職能
++++++++++++
非執行董事的辭任
++++++++++++
委任執行董事
++++++++++++
董事名單與其角色和職能
++++++++++++
一千五百萬美元非上市可換股債券兌換價之調整
++++++++++++
獨立非執行董事辭任
++++++++++++
組織章程大綱及公司細則
++++++++++++
董事名單及其角色與職能
++++++++++++
翌日披露報表
++++++++++++
自願公佈配售公司債券
++++++++++++
翌日披露報表股份發行人──已發行股本變動及/或股份購回
++++++++++++
董事會成員名單及角色與職務
++++++++++++
發行人剛在本網站英文版面發布一項公告，相應中文版本或會／或不會在本版面發布。
++++++++++++
完成收購事項及配售事項
++++++++++++
自願性公告董事之股份買賣
++++++++++++
持續關連交易
++++++++++++
二零一五年度獨家分銷協議及日本分銷協議
++++++++++++
完成根據一般授權發行新股份
++++++++++++
有關成立合營公司之
++++++++++++
董事名單與其角色和職能
title:.0
--------------
董事名單與其角色和職能
==============
超大現代
**************
超大現代:董事名單與其角色和職能
title:.1
--------------
澄清公告
==============
康達環保
**************
康達環保:澄清公告
title:.2
--------------
委任獨立非執行董事
==============
超大現代
**************
超大現代:委任獨立非執行董事
title:.3
--------------
...更多]<a
==============
中國金海國際
**************
中國金海國際:...更多]<a
title:.4
--------------
class="news"
==============
建設銀行
**************
建設銀行:class="news"
title:.5
--------------
href="/listedco/listconews/sehk///LTN_C.pdf"
==============
中聯重科
**************
中聯重科:href="/listedco/listconews/sehk///LTN_C.pdf"
title:.6
--------------
董事名單與其角色和職能
==============
建設銀行
**************
建設銀行:董事名單與其角色和職能
title:.7
--------------
關於收購中聯重機股份有限公司相關股份的進展公告
==============
建設銀行
**************
建設銀行:關於收購中聯重機股份有限公司相關股份的進展公告
title:.8
--------------
關於余靜波副行長任職的公告
==============
ＭＩ能源
**************
ＭＩ能源:關於余靜波副行長任職的公告
title:.9
--------------
關於執行董事、副行長辭任的公告
==============
大唐發電
**************
大唐發電:關於執行董事、副行長辭任的公告
title:.10
--------------
翌日披露報表
==============
萬科企業
**************
萬科企業:翌日披露報表
title:.11
--------------
委任獨立財務顧問
==============
中國平安
**************
中國平安:委任獨立財務顧問
title:.12
--------------
二O一四年十二月份銷售及近期新增項目情況簡報
==============
中國鋁業
**************
中國鋁業:二O一四年十二月份銷售及近期新增項目情況簡報
title:.13
--------------
公告
==============
中國鋁業
**************
中國鋁業:公告
title:.14
--------------
-
==============
MAGNUMENT
**************
MAGNUMENT:-
title:.15
--------------
關於A股可轉換公司債券（附次級條款）轉股結果暨股份變動
==============
華能國際電力股份
**************
華能國際電力股份:關於A股可轉換公司債券（附次級條款）轉股結果暨股份變動
title:.16
--------------
內幕信息
==============
正道集團
**************
正道集團:內幕信息
title:.17
--------------
海外監管公告
==============
中國鋁業
**************
中國鋁業:海外監管公告
title:.18
--------------
Beijing
==============
中國東方集團
**************
中國東方集團:Beijing
title:.19
--------------
Club裝修及暫時關閉
==============
新焦點
**************
新焦點:Club裝修及暫時關閉
title:.20
--------------
海外監管公告
==============
賽晶電力電子
**************
賽晶電力電子:海外監管公告
title:.21
--------------
於二零一五年一月五日舉行之
==============
華地國際控股
**************
華地國際控股:於二零一五年一月五日舉行之
title:.22
--------------
建議選舉董事
==============
中國神華
**************
中國神華:建議選舉董事
title:.23
--------------
自願性公告有關本集團與非重大附屬公司的人士之交易
==============
神州數碼
**************
神州數碼:自願性公告有關本集團與非重大附屬公司的人士之交易
title:.24
--------------
海外監管公告
==============
泰山石化
**************
泰山石化:海外監管公告
title:.25
--------------
盈利預警
==============
民生銀行
**************
民生銀行:盈利預警
title:.26
--------------
翌日披露報表
==============
百宏實業
**************
百宏實業:翌日披露報表
title:.27
--------------
海外監管公告
==============
泛亞國際
**************
泛亞國際:海外監管公告
title:.28
--------------
海外監管公告
==============
聯泰控股
**************
聯泰控股:海外監管公告
title:.29
--------------
有關管理服務協議之補充協議
==============
香港中旅
**************
香港中旅:有關管理服務協議之補充協議
title:.30
--------------
A股可轉債轉股結果暨股份變動公告
==============
新城發展控股
**************
新城發展控股:A股可轉債轉股結果暨股份變動公告
title:.31
--------------
翌日披露報表
==============
中國銀行BOC2014PREF
**************
中國銀行BOC2014PREF:翌日披露報表
title:.32
--------------
-
==============
四環醫藥
**************
四環醫藥:-
title:.33
--------------
股份購回
==============
綠色能源科技集團
**************
綠色能源科技集團:股份購回
title:.34
--------------
修訂股份獎勵計劃
==============
康宏金融
**************
康宏金融:修訂股份獎勵計劃
title:.35
--------------
澄清公佈
==============
中國燃氣
**************
中國燃氣:澄清公佈
title:.36
--------------
翌日披露報表
==============
信利國際
**************
信利國際:翌日披露報表
title:.37
--------------
海外監管公告內幕消息
==============
華潤置地
**************
華潤置地:海外監管公告內幕消息
title:.38
--------------
海外監管公告-中國銀行股份有限公司可轉債轉股結果暨股份變動公告
==============
中國北車
**************
中國北車:海外監管公告-中國銀行股份有限公司可轉債轉股結果暨股份變動公告
title:.39
--------------
自願公告
==============
信利國際
**************
信利國際:自願公告
title:.40
--------------
-
==============
湖南有色金屬公司
**************
湖南有色金屬公司:-
title:.41
--------------
終止顧問服務協議及擔保
==============
中國北車
**************
中國北車:終止顧問服務協議及擔保
title:.42
--------------
公告
==============
天下圖控股
**************
天下圖控股:公告
title:.43
--------------
翌日披露報表
==============
中國北車
**************
中國北車:翌日披露報表
title:.44
--------------
盈利警告
==============
東亞銀行
**************
東亞銀行:盈利警告
title:.45
--------------
自願性公告
==============
五礦建設
**************
五礦建設:自願性公告
title:.46
--------------
根據《收購守則》規則作出的交易披露
==============
中國北車
**************
中國北車:根據《收購守則》規則作出的交易披露
title:.47
--------------
公告
==============
湖南有色金屬公司
**************
湖南有色金屬公司:公告
title:.48
--------------
-
==============
浙江世寶
**************
浙江世寶:-
title:.49
--------------
二零一四年十二月之未經審核營業額
==============
中國北車
**************
中國北車:二零一四年十二月之未經審核營業額
title:.50
--------------
海外監管公告
==============
合和公路基建
**************
合和公路基建:海外監管公告
title:.51
--------------
根據《收購守則》規則作出的交易披露
==============
中國奧園
**************
中國奧園:根據《收購守則》規則作出的交易披露
title:.52
--------------
翌日披露報表
==============
中國奧園
**************
中國奧園:翌日披露報表
title:.53
--------------
根據《收購守則》規則作出的交易披露
==============
深圳高速公路股份
**************
深圳高速公路股份:根據《收購守則》規則作出的交易披露
title:.54
--------------
董事會會議通知
==============
中國北車
**************
中國北車:董事會會議通知
title:.55
--------------
就二零一五年至二零一六年重續持續關連交易
==============
金衛醫療
**************
金衛醫療:就二零一五年至二零一六年重續持續關連交易
title:.56
--------------
根據《收購守則》規則作出的交易披露
==============
中國北車
**************
中國北車:根據《收購守則》規則作出的交易披露
title:.57
--------------
公告-內幕消息
==============
中國奧園
**************
中國奧園:公告-內幕消息
title:.58
--------------
海外監管公告
==============
友佳國際
**************
友佳國際:海外監管公告
title:.59
--------------
根據《收購守則》規則作出的交易披露
==============
中國北車
**************
中國北車:根據《收購守則》規則作出的交易披露
title:.60
--------------
截至二零一五年六月三十日止年度之中期股息及暫停辦理股份過戶登記手續
==============
廈門港務
**************
廈門港務:截至二零一五年六月三十日止年度之中期股息及暫停辦理股份過戶登記手續
title:.61
--------------
致非登記持有人之通知信函及申請表格
==============
永恒策略
**************
永恒策略:致非登記持有人之通知信函及申請表格
title:.62
--------------
致股東之通知信函及變更申請表格
==============
力高地產
**************
力高地產:致股東之通知信函及變更申請表格
title:.63
--------------
董事名單與其角色和職能
==============
深圳高速公路股份
**************
深圳高速公路股份:董事名單與其角色和職能
title:.64
--------------
根據《收購守則》規則作出的交易披露
==============
中國風電
**************
中國風電:根據《收購守則》規則作出的交易披露
title:.65
--------------
海外監管公告
==============
廈門港務
**************
廈門港務:海外監管公告
title:.66
--------------
根據《收購守則》規則作出的交易披露
==============
中國七星控股
**************
中國七星控股:根據《收購守則》規則作出的交易披露
title:.67
--------------
主要交易
==============
碧桂園
**************
碧桂園:主要交易
title:.68
--------------
華夏人壽保險股份有限公司之投資及視作出售本集團於廣州奧譽約.%股權
==============
陽光能源
**************
陽光能源:華夏人壽保險股份有限公司之投資及視作出售本集團於廣州奧譽約.%股權
title:.69
--------------
海外監管公告
==============
弘茂科技
**************
弘茂科技:海外監管公告
title:.70
--------------
台灣存託憑證流通及兌回情形月報表
==============
精熙國際
**************
精熙國際:台灣存託憑證流通及兌回情形月報表
title:.71
--------------
根據《收購守則》規則作出的交易披露
==============
大眾金融控股
**************
大眾金融控股:根據《收購守則》規則作出的交易披露
title:.72
--------------
廈門港務發展股份有限公司
==============
中國智能交通
**************
中國智能交通:廈門港務發展股份有限公司
title:.73
--------------
可能出售中國星集團有限公司股份之每月進展
==============
安寧控股
**************
安寧控股:可能出售中國星集團有限公司股份之每月進展
title:.74
--------------
自願公告
==============
康師傅控股
**************
康師傅控股:自願公告
title:.75
--------------
-
==============
賽得利控股
**************
賽得利控股:-
title:.76
--------------
公告
==============
映美控股
**************
映美控股:公告
title:.77
--------------
-
==============
老恒和釀造
**************
老恒和釀造:-
title:.78
--------------
選舉董事長、監事會主席及董事會專門委員會成員變更
==============
鳳凰醫療
**************
鳳凰醫療:選舉董事長、監事會主席及董事會專門委員會成員變更
title:.79
--------------
正面盈利預告
==============
朗生醫藥
**************
朗生醫藥:正面盈利預告
title:.80
--------------
主要交易的狀況更新
==============
招商局國際
**************
招商局國際:主要交易的狀況更新
title:.81
--------------
有關建議認購事項之補充意向書
==============
華章科技
**************
華章科技:有關建議認購事項之補充意向書
title:.82
--------------
截至年月日止十二個月未經審核營運數據
==============
華章科技
**************
華章科技:截至年月日止十二個月未經審核營運數據
title:.83
--------------
海外監管公告
==============
華章科技
**************
華章科技:海外監管公告
title:.84
--------------
本公司持有之投資最新情況
==============
華章科技
**************
華章科技:本公司持有之投資最新情況
title:.85
--------------
DOC
==============
華章科技
**************
華章科技:DOC
title:.86
--------------
海外監管公告
==============
真明麗
**************
真明麗:海外監管公告
title:.87
--------------
董事會會議通告
==============
安徽皖通高速公路
**************
安徽皖通高速公路:董事會會議通告
title:.88
--------------
盈利警告
==============
中國織材控股
**************
中國織材控股:盈利警告
title:.89
--------------
持續關連交易
==============
時代地產
**************
時代地產:持續關連交易
title:.90
--------------
-
==============
西王特鋼
**************
西王特鋼:-
title:.91
--------------
續訂租賃協議
==============
時富投資
**************
時富投資:續訂租賃協議
title:.92
--------------
海外監管公告
==============
時富金融服務集團
**************
時富金融服務集團:海外監管公告
title:.93
--------------
變更公司名稱及股份簡稱及修訂公司細則
==============
鳳凰醫療
**************
鳳凰醫療:變更公司名稱及股份簡稱及修訂公司細則
title:.94
--------------
翌日披露報表
==============
融創中國
**************
融創中國:翌日披露報表
title:.95
--------------
內幕消息
==============
康健國際醫療
**************
康健國際醫療:內幕消息
title:.96
--------------
-
==============
時富投資
**************
時富投資:-
title:.97
--------------
主要股東出售股份之最新資料
==============
時富金融服務集團
**************
時富金融服務集團:主要股東出售股份之最新資料
title:.98
--------------
內幕消息公告
==============
康健國際醫療
**************
康健國際醫療:內幕消息公告
title:.99
--------------
-
==============
融創中國
**************
融創中國:-
title:.100
--------------
框架協議及恢復買賣
==============
鳳凰醫療
**************
鳳凰醫療:框架協議及恢復買賣
title:.101
--------------
有關不續簽來氟米特片的現有經銷協議和簽訂新經銷協議的公告
==============
西王特鋼
**************
西王特鋼:有關不續簽來氟米特片的現有經銷協議和簽訂新經銷協議的公告
title:.102
--------------
關連交易
==============
綠城中國
**************
綠城中國:關連交易
title:.103
--------------
-
==============
綠城中國
**************
綠城中國:-
title:.104
--------------
出售SMART
==============
必瘦站
**************
必瘦站:出售SMART
title:.105
--------------
ALLY
==============
神州租車
**************
神州租車:ALLY
title:.106
--------------
HOLDINGS
==============
龍昌
**************
龍昌:HOLDINGS
title:.107
--------------
LIMITED及持續關連交易
==============
泛亞國際
**************
泛亞國際:LIMITED及持續關連交易
title:.108
--------------
-
==============
華地國際控股
**************
華地國際控股:-
title:.109
--------------
重新釐定宇軒租賃協議的年度上限
==============
暢豐車橋
**************
暢豐車橋:重新釐定宇軒租賃協議的年度上限
title:.110
--------------
董事名單與其角色和職能
==============
首長科技
**************
首長科技:董事名單與其角色和職能
title:.111
--------------
公司董事會之審核委員會的職權範圍
==============
香港中旅
**************
香港中旅:公司董事會之審核委員會的職權範圍
title:.112
--------------
公司董事會之提名委員會的職權範圍
==============
華彩控股
**************
華彩控股:公司董事會之提名委員會的職權範圍
title:.113
--------------
公司董事會之薪酬委員會的職權範圍
==============
上海棟華
**************
上海棟華:公司董事會之薪酬委員會的職權範圍
title:.114
--------------
華章科技控股有限公司經修訂及重列組織章程大綱及細則
==============
俊和發展集團
**************
俊和發展集團:華章科技控股有限公司經修訂及重列組織章程大綱及細則
title:.115
--------------
二零一五年一月五日舉行的股東特別大會
==============
田生集團
**************
田生集團:二零一五年一月五日舉行的股東特別大會
title:.116
--------------
海外監管公告
==============
俊和發展集團
**************
俊和發展集團:海外監管公告
title:.117
--------------
盈利警告
==============
格菱控股
**************
格菱控股:盈利警告
title:.118
--------------
截至二零一四年十二月三十一日止年度
==============
優派能源發展
**************
優派能源發展:截至二零一四年十二月三十一日止年度
title:.119
--------------
短暫停牌
==============
新昌營造
**************
新昌營造:短暫停牌
title:.120
--------------
聯合公佈
==============
ＭＩ能源
**************
ＭＩ能源:聯合公佈
title:.121
--------------
-
==============
東瑞製葯
**************
東瑞製葯:-
title:.122
--------------
短暫停牌
==============
粵首環保
**************
粵首環保:短暫停牌
title:.123
--------------
聯合公佈
==============
中核工業二三國際
**************
中核工業二三國際:聯合公佈
title:.124
--------------
-
==============
新濠國際發展
**************
新濠國際發展:-
title:.125
--------------
短暫停牌
==============
中國大亨飲品
**************
中國大亨飲品:短暫停牌
title:.126
--------------
短暫停牌公告
==============
COACH-DRS-RS
**************
COACH-DRS-RS:短暫停牌公告
title:.127
--------------
短暫停牌
==============
雲遊控股
**************
雲遊控股:短暫停牌
title:.128
--------------
短暫停牌
==============
從玉農業
**************
從玉農業:短暫停牌
title:.129
--------------
交易所通告
==============
從玉農業
**************
從玉農業:交易所通告
title:.130
--------------
-
==============
新昌管理集團
**************
新昌管理集團:-
title:.131
--------------
短暫停牌
==============
新濠博亞娛樂
**************
新濠博亞娛樂:短暫停牌
title:.132
--------------
交易所通告
==============
藍天威力
**************
藍天威力:交易所通告
title:.133
--------------
-
==============
中國北車
**************
中國北車:-
title:.134
--------------
短暫停牌
==============
新時代能源
**************
新時代能源:短暫停牌
title:.135
--------------
交易所通告
==============
中國北車
**************
中國北車:交易所通告
title:.136
--------------
-
==============
中國北車
**************
中國北車:-
title:.137
--------------
短暫停牌
==============
靄華押業信貸
**************
靄華押業信貸:短暫停牌
title:.138
--------------
交易所通告
==============
中國北車
**************
中國北車:交易所通告
title:.139
--------------
-
==============
星謙化工
**************
星謙化工:-
title:.140
--------------
短暫停牌
==============
中國北車
**************
中國北車:短暫停牌
title:.141
--------------
交易所通告
==============
中國北車
**************
中國北車:交易所通告
title:.142
--------------
-
==============
中國北車
**************
中國北車:-
title:.143
--------------
短暫停牌
==============
中國北車
**************
中國北車:短暫停牌
title:.144
--------------
交易所通告
==============
聯合光伏
**************
聯合光伏:交易所通告
title:.145
--------------
-
==============
中國北車
**************
中國北車:-
title:.146
--------------
短暫停牌
==============
中國北車
**************
中國北車:短暫停牌
title:.147
--------------
交易所通告
==============
中國北車
**************
中國北車:交易所通告
title:.148
--------------
-
==============
中國北車
**************
中國北車:-
title:.149
--------------
復牌
==============
中國基建投資
**************
中國基建投資:復牌
title:.150
--------------
內幕消息公告
==============
中國北車
**************
中國北車:內幕消息公告
title:.151
--------------
截至二零一四年十二月三十一日止三個月期間
==============
中國北車
**************
中國北車:截至二零一四年十二月三十一日止三個月期間
title:.152
--------------
建議發行以美元計值的優先票據
==============
中國白銀集團
**************
中國白銀集團:建議發行以美元計值的優先票據
title:.153
--------------
有關潛在收購事項之
==============
俊知集團
**************
俊知集團:有關潛在收購事項之
title:.154
--------------
新業務更新
==============
中國燃氣
**************
中國燃氣:新業務更新
title:.155
--------------
翌日披露報表
==============
泰山石化
**************
泰山石化:翌日披露報表
title:.156
--------------
有關出售開封一幅土地的主要交易
==============
麥達斯控股─Ｓ
**************
麥達斯控股─Ｓ:有關出售開封一幅土地的主要交易
title:.157
--------------
根據一般授權認購新股份
==============
創維數碼
**************
創維數碼:根據一般授權認購新股份
title:.158
--------------
翌日披露報表
==============
裕田中國
**************
裕田中國:翌日披露報表
title:.159
--------------
授出購股權
==============
宇陽控股
**************
宇陽控股:授出購股權
title:.160
--------------
內資股股東完成轉讓內資股
==============
華耐控股
**************
華耐控股:內資股股東完成轉讓內資股
title:.161
--------------
董事名單與其角色和職能
==============
保誠
**************
保誠:董事名單與其角色和職能
title:.162
--------------
...更多]<a
==============
百宏實業
**************
百宏實業:...更多]<a
title:.163
--------------
class="news"
==============
天合化工
**************
天合化工:class="news"
title:.164
--------------
href="/listedco/listconews/sehk///LTN_C.pdf"
==============
匯豐控股
**************
匯豐控股:href="/listedco/listconews/sehk///LTN_C.pdf"
title:.165
--------------
調任董事
==============
百盛集團
**************
百盛集團:調任董事
title:.166
--------------
發行債券
==============
中核國際
**************
中核國際:發行債券
title:.167
--------------
於永暉買賣協議的十二月最後完成日期之前達成若干條件
==============
海通國際
**************
海通國際:於永暉買賣協議的十二月最後完成日期之前達成若干條件
title:.168
--------------
收到新配售代理有關認購新配售股份之承諾通知
==============
華潤置地
**************
華潤置地:收到新配售代理有關認購新配售股份之承諾通知
title:.169
--------------
翌日披露報表
==============
華人置業
**************
華人置業:翌日披露報表
title:.170
--------------
翌日披露報表
==============
確利達國際
**************
確利達國際:翌日披露報表
title:.171
--------------
按於記錄日期每持有一股經調整股份
==============
海通國際
**************
海通國際:按於記錄日期每持有一股經調整股份
title:.172
--------------
持續關連交易
==============
渣打集團
**************
渣打集團:持續關連交易
title:.173
--------------
上市聯營公司
==============
華潤置地
**************
華潤置地:上市聯營公司
title:.174
--------------
-
==============
浙江世寶
**************
浙江世寶:-
title:.175
--------------
新濠博亞娛樂有限公司
==============
華潤置地
**************
華潤置地:新濠博亞娛樂有限公司
title:.176
--------------
-
==============
隆成集團
**************
隆成集團:-
title:.177
--------------
擬自願撤銷於香港聯合交易所有限公司主板的上市地位之公告
==============
浙江世寶
**************
浙江世寶:擬自願撤銷於香港聯合交易所有限公司主板的上市地位之公告
title:.178
--------------
延長有關透過結構性合約收購安凱天津之截止日期
==============
浙江世寶
**************
浙江世寶:延長有關透過結構性合約收購安凱天津之截止日期
title:.179
--------------
關於向有權獲發季度現金股息的預託證券持有人
==============
浙江世寶
**************
浙江世寶:關於向有權獲發季度現金股息的預託證券持有人
title:.180
--------------
授出購股權
==============
浙江世寶
**************
浙江世寶:授出購股權
title:.181
--------------
董事名單及其角色與職能
==============
浙江世寶
**************
浙江世寶:董事名單及其角色與職能
title:.182
--------------
董事變更
==============
昊天發展集團
**************
昊天發展集團:董事變更
title:.183
--------------
翌日披露報表
==============
浙江世寶
**************
浙江世寶:翌日披露報表
title:.184
--------------
擬自願撤銷於香港聯合交易所有限公司主板的上市地位及建議修訂組織章程文件及股份獎勵計劃
==============
九龍倉集團
**************
九龍倉集團:擬自願撤銷於香港聯合交易所有限公司主板的上市地位及建議修訂組織章程文件及股份獎勵計劃
title:.185
--------------
暫停辦理股份過戶登記手續及調遷股份之截止日期通告
==============
浙江世寶
**************
浙江世寶:暫停辦理股份過戶登記手續及調遷股份之截止日期通告
title:.186
--------------
根據《收購守則》規則作出的交易披露
==============
時計寶
**************
時計寶:根據《收購守則》規則作出的交易披露
title:.187
--------------
自願公告
==============
中國富佑集團
**************
中國富佑集團:自願公告
title:.188
--------------
根據《收購守則》規則作出的交易披露
==============
國農控股
**************
國農控股:根據《收購守則》規則作出的交易披露
title:.189
--------------
根據《收購守則》規則作出的交易披露
==============
珠江輪胎
**************
珠江輪胎:根據《收購守則》規則作出的交易披露
title:.190
--------------
涉及向實體提供財務資助之須予披露交易及向實體提供貸款
==============
珠江輪胎
**************
珠江輪胎:涉及向實體提供財務資助之須予披露交易及向實體提供貸款
title:.191
--------------
根據《收購守則》規則作出的交易披露
==============
國華
**************
國華:根據《收購守則》規則作出的交易披露
title:.192
--------------
建議派付末期股息
==============
港鐵公司
**************
港鐵公司:建議派付末期股息
title:.193
--------------
根據《收購守則》規則作出的交易披露
==============
李氏大藥廠
**************
李氏大藥廠:根據《收購守則》規則作出的交易披露
title:.194
--------------
根據《收購守則》規則作出的交易披露
==============
第一太平
**************
第一太平:根據《收購守則》規則作出的交易披露
title:.195
--------------
根據《收購守則》規則作出的交易披露
==============
美麗中國控股
**************
美麗中國控股:根據《收購守則》規則作出的交易披露
title:.196
--------------
根據《收購守則》規則作出的交易披露
==============
金界控股
**************
金界控股:根據《收購守則》規則作出的交易披露
title:.197
--------------
補充公告
==============
中國東方集團
**************
中國東方集團:補充公告
title:.198
--------------
根據《收購守則》規則作出的交易披露
==============
中國東方集團
**************
中國東方集團:根據《收購守則》規則作出的交易披露
title:.199
--------------
根據《收購守則》規則作出的交易披露
==============
美麗中國控股
**************
美麗中國控股:根據《收購守則》規則作出的交易披露
title:.200
--------------
根據《收購守則》規則作出的交易披露
==============
澳優
**************
澳優:根據《收購守則》規則作出的交易披露
title:.201
--------------
根據《收購守則》規則作出的交易披露
==============
北亞資源
**************
北亞資源:根據《收購守則》規則作出的交易披露
title:.202
--------------
更改香港股份過戶登記分處及過戶辦事處
==============
澳優
**************
澳優:更改香港股份過戶登記分處及過戶辦事處
title:.203
--------------
根據《收購守則》規則作出的交易披露
==============
俊和發展集團
**************
俊和發展集團:根據《收購守則》規則作出的交易披露
title:.204
--------------
根據《收購守則》規則作出的交易披露
==============
建滔積層板
**************
建滔積層板:根據《收購守則》規則作出的交易披露
title:.205
--------------
授出購股權
==============
阜豐集團
**************
阜豐集團:授出購股權
title:.206
--------------
公佈
==============
長港敦信
**************
長港敦信:公佈
title:.207
--------------
-
==============
北大資源
**************
北大資源:-
title:.208
--------------
股權架構變動
==============
匯豐控股
**************
匯豐控股:股權架構變動
title:.209
--------------
翌日披露報表
==============
偉仕控股
**************
偉仕控股:翌日披露報表
title:.210
--------------
停牌更新資料
==============
北大資源
**************
北大資源:停牌更新資料
title:.211
--------------
發行人剛在本網站英文版面發布一項公告，相應中文版本或會／或不會在本版面發布。
==============
國際家居零售
**************
國際家居零售:發行人剛在本網站英文版面發布一項公告，相應中文版本或會／或不會在本版面發布。
title:.212
--------------
HTM
==============
微創醫療
**************
微創醫療:HTM
title:.213
--------------
董事名單與其角色和職能
==============
中國白銀集團
**************
中國白銀集團:董事名單與其角色和職能
title:.214
--------------
公司秘書及授權代表之變更
==============
鼎億集團投資
**************
鼎億集團投資:公司秘書及授權代表之變更
title:.215
--------------
澄清公告
==============
載通
**************
載通:澄清公告
name:[鼎億集團投資:公司秘書及授權代表之變更]  url:[http://www.hkexnews.hk/listedco/listconews/sehk/2015/0102/LTN20150102714_C.pdf]  time:[2015-01-02 16:21] code:[00508]
name:[載通:澄清公告]  url:[http://www.hkexnews.hk/listedco/listconews/sehk/2015/0102/LTN20150102680_C.pdf]  time:[2015-01-02 16:16] code:[00062]
