http://finance.eastmoney.com/news/1345,20150107464794327.html
沪股通计划月内可以做空
http://finance.eastmoney.com/news/1345,20150107464790064.html
融券余额规模持续攀升 做空动能不断累积
http://finance.eastmoney.com/news/1345,20150107464919370.html
央行酝酿人民币踩踏惨剧？
http://finance.eastmoney.com/news/1345,20150107464772439.html
逾六成个股预喜 年报行情一触即发
http://finance.eastmoney.com/news/1345,20150107464780022.html
机构预计入市“活水”将达数万亿 融资额料超万亿
http://finance.eastmoney.com/news/1345,20150107464777380.html
行业景气度提升 绩优软件公司将迎来年报行情
http://finance.eastmoney.com/news/1345,20150107464791147.html
A股新年开局五大悬念待解
http://finance.eastmoney.com/news/1345,20150107464788031.html
佳兆业5只离岸债暴跌 价格蒸发超六成
http://finance.eastmoney.com/news/1345,20150107464789744.html
根本停不下来 原油暴跌4.2%报47.93美元
http://finance.eastmoney.com/news/1345,20150107464808743.html
央行公开市场新年“无为” 定向工具料将常态化
http://finance.eastmoney.com/news/1345,20150107464808551.html
证监会年末“发威” 多家沪籍上市公司将面临索赔
http://finance.eastmoney.com/news/1345,20150107464781520.html
19只新股下周扎堆发行 周二周三资金最紧张
http://finance.eastmoney.com/news/1345,20150107464802786.html
方正证券昨连发三份公告 政泉控股向其索赔30亿元
http://finance.eastmoney.com/news/1345,20150107464762792.html
佳兆业违约或启房地产风险释放期
http://finance.eastmoney.com/news/1345,20150107464801880.html
深交所与港交所正研究深港通 方案成熟时将报批
http://finance.eastmoney.com/news/1345,20150107464795145.html
李克强:以中国装备走出去为突破口推动对外开放
http://finance.eastmoney.com/news/1345,20150107464765490.html
市场独特风景线：细数A股“重组专业户”
http://finance.eastmoney.com/news/1345,20150107464795641.html
隔夜国际市场收盘(01/07)
http://finance.eastmoney.com/news/1345,20150107464800485.html
早间影响市场的重要政策消息速递(1/7)
http://finance.eastmoney.com/news/1345,20150107464799857.html
1月7日国内四大证券报纸头版头条内容精华摘要
http://finance.eastmoney.com/news/1345,20150106464519587.html
传国务院去年底批准10万亿基建投资 涵环保7领域
http://finance.eastmoney.com/news/1345,20150106464582456.html
新华网连续预警杠杆牛市：莫把风险教育当儿戏
http://finance.eastmoney.com/news/1345,20150106464725394.html
深交所：正在与香港联交所对开展深港通进行研究
http://finance.eastmoney.com/news/1345,20150106464580568.html
创业板指强势反弹大涨逾5% 创业板B涨停
http://finance.eastmoney.com/news/1345,20150106464743323.html
佳兆业否认即将破产重组 有新决议将发公告
http://finance.eastmoney.com/news/1345,20150106464605712.html
中信：改革加速望在1月验证 保险可能在年初加仓
http://finance.eastmoney.com/news/1345,20150106464632461.html
全球股灾波及亚洲 日经暴跌3%
http://finance.eastmoney.com/news/1345,20150106464595093.html
周二晚间私募传闻集锦 明日大牛股初现端倪
http://finance.eastmoney.com/news/1345,20150106464731887.html
李克强新年广东考察释放了什么信号
http://finance.eastmoney.com/news/1345,20150106464589828.html
机构解析：明日热点板块探秘(1/6)
