/a/20141208/001713.htm
印度GDP增速有望追平中国 成增长最快经济体
/a/20141210/064380.htm
中纪委官网刊文谈刘铁男两面人生：追求倒背手穿布鞋
/a/20141210/054663.htm
调查组还原恒天然乌龙事件：一支电筒引发乳业地震 
/a/20141210/038135.htm
人民日报：适应经济新常态七旧心态要改
/a/20141210/029176.htm
中央经济工作会议或将明年增长目标定为7%
/a/20141210/027349.htm
中国面临通胀走低困局 明年或将连续降息
/a/20141210/054648.htm
调查组还原恒天然乌龙事件：一支电筒引发乳业地震 
/a/20141210/055629.htm
市场调整难给开户降温 大妈全面占领券商营业部
/a/20141210/018844.htm
11月CPI同比增长1.4%低于预期 降准呼声起
/a/20141210/012322.htm
万达商业地产募资超250亿 或成香港年度冠军
/zt2014/focus/agbdbz.htm
还原A股猛涨暴跌路径：被杠杆撑起的疯狂资金
/a/20141210/010191.htm
央视中国经济年度人物停办 疑与郭振玺案有关
/a/20141210/008966.htm
美二次“双反”终裁即至 国内光伏企业放弃抵抗
/a/20141210/008182.htm
邓亚萍的互联网教训：“国字头”是把双刃剑

