                    <a href="/news/19437.html" target="_blank" >芭田股份(002170.SZ):员工持股计划出炉，未来3年业绩高速增长</a></li>
                            <a href="/news/19508.html" target="_blank" class="bluecolor">顺鑫农业(000860.SZ)：主营业务转型+国企体制改革的双重拐点</a>
                            <a href="/news/19485.html" target="_blank" class="bluecolor">方正高管集体被查，政泉控股鲸吞方正证券(601901.SH)的机会来了？</a>
                            <a href="/news/19445.html" target="_blank" class="bluecolor">新筑股份(002480.SZ)搭上“高铁快车”：产业向有轨电车拓展延伸，精心布局超级电容</a>
                            <a href="/news/19386.html" target="_blank" class="bluecolor">“601军团”领涨之谜，机械股的春天来了！</a>
                            <a href="/news/19359.html" target="_blank" class="bluecolor">南北车合体，铁路板块“刷爆”A股行情?</a>
                            <a href="/news/19353.html" target="_blank" class="bluecolor">*ST广夏(000557.SZ)的重组闹剧还能唱得下去吗？</a>
                            <a href="/news/19342.html" target="_blank" class="bluecolor">中路股份(600818.SH):迪士尼配套项目的潜在价值被严重低估</a>
                            <a href="/news/19315.html" target="_blank" class="bluecolor">国信证券盛宴：没中签如何成为另类赢家？</a>
                            <a href="/news/19299.html" target="_blank" class="bluecolor">仙琚制药(002332)管理层定增，未来三年市值能翻倍？</a>
                            <a href="/news/19293.html" target="_blank" class="bluecolor">迅雷股价遭遇“腰斩”的真相？</a>
                            <a href="/news/19250.html" target="_blank" class="bluecolor">兴业银行(601166.SH): 未来一年仍有50%以上的估值修复空间</a>
                            <a href="/news/19220.html" target="_blank" class="bluecolor">万达首日就破发，王健林会担心吗？</a>
                            <a href="/news/19188.html" target="_blank" class="bluecolor">新筑股份(002480.SZ):从产品公司到平台公司的华丽转身</a>
                            <a href="/news/19117.html" target="_blank" class="bluecolor">中国铝业(601600.SH) 1元抛售亏损光伏资产：改革风动，涅磐重生</a>
                            <a href="/news/19106.html" target="_blank" class="bluecolor">沦为大股东提款机的*ST霞客(002015.SZ)破产重整何处去？</a>
                            <a href="/news/19101.html" target="_blank" class="bluecolor">道氏技术(300409.SZ)能否成为沙漠之花企业的“三好”逻辑</a>
                            <a href="/news/19057.html" target="_blank" class="bluecolor">比亚迪股价暴跌47%之谜！</a>
                            <a href="/news/19052.html" target="_blank" class="bluecolor">御银股份(002177.SZ):中标建设银行存取款机采购，银行设备国产化的机会</a>
                            <a href="/news/19037.html" target="_blank" class="bluecolor">比亚迪股价突然雪崩，中金建议抄底！</a>
                            <a href="/news/18926.html" target="_blank" class="bluecolor">小米入股美的遭董明珠炮轰，家电排名第一的分析师怎么看？</a>
